Course No.: 48004
Mon Apr 24 15:14:43 2023
Mon Apr 24 15:14:51 2023
0h 0m 8s
Course No.: 48004
Mon Apr 24 15:16:25 2023
Mon Apr 24 15:16:31 2023
0h 0m 6s
ADMIN CHANGE: 
Mon Apr 24 22:58:12 2023
Time Adjust: 0h 35m 22s
ADMIN CHANGE: 
Mon Apr 24 23:19:05 2023
Time Adjust: 1h 10m 2s
ADMIN CHANGE: 
Course Number: 48004
Mon Apr 24 23:22:37 2023
Time Adjust: 0h 1m 33s
ADMIN CHANGE: 
Course Number: 48004
Mon Apr 24 23:31:11 2023
Time Adjust: 1h 1m 1s
Course No.: 123456
Mon Apr 24 23:33:28 2023
Mon Apr 24 23:35:03 2023
0h 1m 34s
ADMIN CHANGE: 
Course Number: 123456
Mon Apr 24 23:39:12 2023
Time Adjust: 3h 0m 0s
